20240221 16:50:56 INFO  [main] salesforceBase.SalesforceBaseTest SalesforceBaseTest.java41 - .........BeforeMethod setUpBeforeMethod executed---------------
20240221 16:50:59 INFO  [main] salesforceBase.SalesforceBaseTest SalesforceBaseTest.java87 - https://login.salesforce.com/is entered
20240221 16:51:04 INFO  [main] salesforceBase.SalesforceBaseTest SalesforceBaseTest.java93 - browser instance closed
20240221 16:51:04 INFO  [main] salesforceBase.SalesforceBaseTest SalesforceBaseTest.java51 - ******tearDownAfterTestMethod executed***********
20240221 16:51:29 INFO  [main] salesforceBase.SalesforceBaseTest SalesforceBaseTest.java41 - .........BeforeMethod setUpBeforeMethod executed---------------
20240221 16:51:34 INFO  [main] salesforceBase.SalesforceBaseTest SalesforceBaseTest.java87 - https://login.salesforce.com/is entered
20240221 16:52:04 INFO  [main] salesforceBase.SalesforceBaseTest SalesforceBaseTest.java93 - browser instance closed
20240221 16:52:04 INFO  [main] salesforceBase.SalesforceBaseTest SalesforceBaseTest.java51 - ******tearDownAfterTestMethod executed***********
20240221 16:52:04 INFO  [main] salesforceBase.SalesforceBaseTest SalesforceBaseTest.java41 - .........BeforeMethod setUpBeforeMethod executed---------------
20240221 16:52:06 INFO  [main] salesforceBase.SalesforceBaseTest SalesforceBaseTest.java87 - https://login.salesforce.com/is entered
20240221 16:52:38 INFO  [main] salesforceBase.SalesforceBaseTest SalesforceBaseTest.java41 - .........BeforeMethod setUpBeforeMethod executed---------------
20240221 16:52:42 INFO  [main] salesforceBase.SalesforceBaseTest SalesforceBaseTest.java87 - https://login.salesforce.com/is entered
20240221 16:53:05 INFO  [main] salesforceBase.SalesforceBaseTest SalesforceBaseTest.java41 - .........BeforeMethod setUpBeforeMethod executed---------------
20240221 16:53:07 INFO  [main] salesforceBase.SalesforceBaseTest SalesforceBaseTest.java87 - https://login.salesforce.com/is entered
20240221 16:53:22 INFO  [main] salesforceBase.SalesforceBaseTest SalesforceBaseTest.java93 - browser instance closed
20240221 16:53:22 INFO  [main] salesforceBase.SalesforceBaseTest SalesforceBaseTest.java51 - ******tearDownAfterTestMethod executed***********
20240221 16:53:22 INFO  [main] salesforceBase.SalesforceBaseTest SalesforceBaseTest.java41 - .........BeforeMethod setUpBeforeMethod executed---------------
20240221 16:53:25 INFO  [main] salesforceBase.SalesforceBaseTest SalesforceBaseTest.java87 - https://login.salesforce.com/is entered
20240221 16:53:37 INFO  [main] salesforceBase.SalesforceBaseTest SalesforceBaseTest.java93 - browser instance closed
20240221 16:53:37 INFO  [main] salesforceBase.SalesforceBaseTest SalesforceBaseTest.java51 - ******tearDownAfterTestMethod executed***********
20240221 16:53:37 INFO  [main] salesforceBase.SalesforceBaseTest SalesforceBaseTest.java41 - .........BeforeMethod setUpBeforeMethod executed---------------
20240221 16:53:39 INFO  [main] salesforceBase.SalesforceBaseTest SalesforceBaseTest.java87 - https://login.salesforce.com/is entered
20240221 16:53:51 INFO  [main] salesforceBase.SalesforceBaseTest SalesforceBaseTest.java93 - browser instance closed
20240221 16:53:51 INFO  [main] salesforceBase.SalesforceBaseTest SalesforceBaseTest.java51 - ******tearDownAfterTestMethod executed***********
20240221 16:53:51 INFO  [main] salesforceBase.SalesforceBaseTest SalesforceBaseTest.java41 - .........BeforeMethod setUpBeforeMethod executed---------------
20240221 16:53:53 INFO  [main] salesforceBase.SalesforceBaseTest SalesforceBaseTest.java87 - https://login.salesforce.com/is entered
20240221 16:54:28 INFO  [main] salesforceBase.SalesforceBaseTest SalesforceBaseTest.java93 - browser instance closed
20240221 16:54:28 INFO  [main] salesforceBase.SalesforceBaseTest SalesforceBaseTest.java51 - ******tearDownAfterTestMethod executed***********
20240221 16:54:28 INFO  [main] salesforceBase.SalesforceBaseTest SalesforceBaseTest.java41 - .........BeforeMethod setUpBeforeMethod executed---------------
20240221 16:54:31 INFO  [main] salesforceBase.SalesforceBaseTest SalesforceBaseTest.java87 - https://login.salesforce.com/is entered
20240221 16:55:03 INFO  [main] salesforceBase.SalesforceBaseTest SalesforceBaseTest.java93 - browser instance closed
20240221 16:55:03 INFO  [main] salesforceBase.SalesforceBaseTest SalesforceBaseTest.java51 - ******tearDownAfterTestMethod executed***********
20240221 16:55:03 INFO  [main] salesforceBase.SalesforceBaseTest SalesforceBaseTest.java41 - .........BeforeMethod setUpBeforeMethod executed---------------
20240221 16:55:05 INFO  [main] salesforceBase.SalesforceBaseTest SalesforceBaseTest.java87 - https://login.salesforce.com/is entered
20240221 16:55:25 INFO  [main] salesforceBase.SalesforceBaseTest SalesforceBaseTest.java93 - browser instance closed
20240221 16:55:25 INFO  [main] salesforceBase.SalesforceBaseTest SalesforceBaseTest.java51 - ******tearDownAfterTestMethod executed***********
20240221 16:55:25 INFO  [main] salesforceBase.SalesforceBaseTest SalesforceBaseTest.java41 - .........BeforeMethod setUpBeforeMethod executed---------------
20240221 16:55:28 INFO  [main] salesforceBase.SalesforceBaseTest SalesforceBaseTest.java87 - https://login.salesforce.com/is entered
20240221 16:55:41 INFO  [main] salesforceBase.SalesforceBaseTest SalesforceBaseTest.java93 - browser instance closed
20240221 16:55:41 INFO  [main] salesforceBase.SalesforceBaseTest SalesforceBaseTest.java51 - ******tearDownAfterTestMethod executed***********
20240221 16:55:41 INFO  [main] salesforceBase.SalesforceBaseTest SalesforceBaseTest.java41 - .........BeforeMethod setUpBeforeMethod executed---------------
20240221 16:55:44 INFO  [main] salesforceBase.SalesforceBaseTest SalesforceBaseTest.java87 - https://login.salesforce.com/is entered
20240221 16:55:58 INFO  [main] salesforceBase.SalesforceBaseTest SalesforceBaseTest.java93 - browser instance closed
20240221 16:55:58 INFO  [main] salesforceBase.SalesforceBaseTest SalesforceBaseTest.java51 - ******tearDownAfterTestMethod executed***********
20240221 16:55:58 INFO  [main] salesforceBase.SalesforceBaseTest SalesforceBaseTest.java41 - .........BeforeMethod setUpBeforeMethod executed---------------
20240221 16:56:00 INFO  [main] salesforceBase.SalesforceBaseTest SalesforceBaseTest.java87 - https://login.salesforce.com/is entered
20240221 16:56:29 INFO  [main] salesforceBase.SalesforceBaseTest SalesforceBaseTest.java93 - browser instance closed
20240221 16:56:29 INFO  [main] salesforceBase.SalesforceBaseTest SalesforceBaseTest.java51 - ******tearDownAfterTestMethod executed***********
20240221 16:56:29 INFO  [main] salesforceBase.SalesforceBaseTest SalesforceBaseTest.java41 - .........BeforeMethod setUpBeforeMethod executed---------------
20240221 16:56:32 INFO  [main] salesforceBase.SalesforceBaseTest SalesforceBaseTest.java87 - https://login.salesforce.com/is entered
20240221 16:56:51 INFO  [main] salesforceBase.SalesforceBaseTest SalesforceBaseTest.java93 - browser instance closed
20240221 16:56:51 INFO  [main] salesforceBase.SalesforceBaseTest SalesforceBaseTest.java51 - ******tearDownAfterTestMethod executed***********
20240221 16:56:51 INFO  [main] salesforceBase.SalesforceBaseTest SalesforceBaseTest.java41 - .........BeforeMethod setUpBeforeMethod executed---------------
20240221 16:56:53 INFO  [main] salesforceBase.SalesforceBaseTest SalesforceBaseTest.java87 - https://login.salesforce.com/is entered
20240221 16:57:14 INFO  [main] salesforceBase.SalesforceBaseTest SalesforceBaseTest.java93 - browser instance closed
20240221 16:57:14 INFO  [main] salesforceBase.SalesforceBaseTest SalesforceBaseTest.java51 - ******tearDownAfterTestMethod executed***********
20240221 16:57:14 INFO  [main] salesforceBase.SalesforceBaseTest SalesforceBaseTest.java41 - .........BeforeMethod setUpBeforeMethod executed---------------
20240221 16:57:17 INFO  [main] salesforceBase.SalesforceBaseTest SalesforceBaseTest.java87 - https://login.salesforce.com/is entered
20240221 16:57:56 INFO  [main] salesforceBase.SalesforceBaseTest SalesforceBaseTest.java93 - browser instance closed
20240221 16:57:56 INFO  [main] salesforceBase.SalesforceBaseTest SalesforceBaseTest.java51 - ******tearDownAfterTestMethod executed***********
20240221 16:57:56 INFO  [main] salesforceBase.SalesforceBaseTest SalesforceBaseTest.java41 - .........BeforeMethod setUpBeforeMethod executed---------------
20240221 16:57:58 INFO  [main] salesforceBase.SalesforceBaseTest SalesforceBaseTest.java87 - https://login.salesforce.com/is entered
20240221 16:58:15 INFO  [main] salesforceBase.SalesforceBaseTest SalesforceBaseTest.java41 - .........BeforeMethod setUpBeforeMethod executed---------------
20240221 16:58:18 INFO  [main] salesforceBase.SalesforceBaseTest SalesforceBaseTest.java87 - https://login.salesforce.com/is entered
20240221 16:58:40 INFO  [main] salesforceBase.SalesforceBaseTest SalesforceBaseTest.java93 - browser instance closed
20240221 16:58:40 INFO  [main] salesforceBase.SalesforceBaseTest SalesforceBaseTest.java51 - ******tearDownAfterTestMethod executed***********
20240221 16:58:40 INFO  [main] salesforceBase.SalesforceBaseTest SalesforceBaseTest.java41 - .........BeforeMethod setUpBeforeMethod executed---------------
20240221 16:58:42 INFO  [main] salesforceBase.SalesforceBaseTest SalesforceBaseTest.java87 - https://login.salesforce.com/is entered
20240221 16:58:46 INFO  [main] salesforceBase.SalesforceBaseTest SalesforceBaseTest.java93 - browser instance closed
20240221 16:58:46 INFO  [main] salesforceBase.SalesforceBaseTest SalesforceBaseTest.java51 - ******tearDownAfterTestMethod executed***********
20240221 16:58:46 INFO  [main] salesforceBase.SalesforceBaseTest SalesforceBaseTest.java41 - .........BeforeMethod setUpBeforeMethod executed---------------
20240221 16:58:48 INFO  [main] salesforceBase.SalesforceBaseTest SalesforceBaseTest.java87 - https://login.salesforce.com/is entered
20240221 16:59:21 INFO  [main] salesforceBase.SalesforceBaseTest SalesforceBaseTest.java93 - browser instance closed
20240221 16:59:21 INFO  [main] salesforceBase.SalesforceBaseTest SalesforceBaseTest.java51 - ******tearDownAfterTestMethod executed***********
20240221 16:59:21 INFO  [main] salesforceBase.SalesforceBaseTest SalesforceBaseTest.java41 - .........BeforeMethod setUpBeforeMethod executed---------------
20240221 16:59:23 INFO  [main] salesforceBase.SalesforceBaseTest SalesforceBaseTest.java87 - https://login.salesforce.com/is entered
20240221 16:59:29 INFO  [main] salesforceBase.SalesforceBaseTest SalesforceBaseTest.java93 - browser instance closed
20240221 16:59:29 INFO  [main] salesforceBase.SalesforceBaseTest SalesforceBaseTest.java51 - ******tearDownAfterTestMethod executed***********
20240221 16:59:29 INFO  [main] salesforceBase.SalesforceBaseTest SalesforceBaseTest.java41 - .........BeforeMethod setUpBeforeMethod executed---------------
20240221 16:59:31 INFO  [main] salesforceBase.SalesforceBaseTest SalesforceBaseTest.java87 - https://login.salesforce.com/is entered
20240221 16:59:48 INFO  [main] salesforceBase.SalesforceBaseTest SalesforceBaseTest.java93 - browser instance closed
20240221 16:59:48 INFO  [main] salesforceBase.SalesforceBaseTest SalesforceBaseTest.java51 - ******tearDownAfterTestMethod executed***********
20240221 17:11:31 INFO  [main] salesforceBase.SalesforceBaseTest SalesforceBaseTest.java41 - .........BeforeMethod setUpBeforeMethod executed---------------
20240221 17:11:35 INFO  [main] salesforceBase.SalesforceBaseTest SalesforceBaseTest.java87 - https://login.salesforce.com/is entered
20240221 17:11:40 INFO  [main] salesforceBase.SalesforceBaseTest SalesforceBaseTest.java93 - browser instance closed
20240221 17:11:40 INFO  [main] salesforceBase.SalesforceBaseTest SalesforceBaseTest.java51 - ******tearDownAfterTestMethod executed***********
20240221 17:24:48 INFO  [main] utilities.ListenerUtility ListenerUtility.java74 - Default test has started....................
20240221 17:24:49 INFO  [main] salesforceBase.SalesforceBaseTest SalesforceBaseTest.java43 - .........BeforeMethod setUpBeforeMethod executed---------------
20240221 17:24:53 INFO  [main] salesforceBase.SalesforceBaseTest SalesforceBaseTest.java89 - https://login.salesforce.com/is entered
20240221 17:24:53 INFO  [main] utilities.ListenerUtility ListenerUtility.java25 - LoginErrorMessage1.......test execution started........
20240221 17:24:58 INFO  [main] utilities.ListenerUtility ListenerUtility.java32 - LoginErrorMessage1.......test execution completed with success........
20240221 17:24:59 INFO  [main] salesforceBase.SalesforceBaseTest SalesforceBaseTest.java95 - browser instance closed
20240221 17:24:59 INFO  [main] salesforceBase.SalesforceBaseTest SalesforceBaseTest.java53 - ******tearDownAfterTestMethod executed***********
20240221 17:24:59 INFO  [main] utilities.ListenerUtility ListenerUtility.java82 - Default test has ended....................
20240221 17:26:09 INFO  [main] utilities.ListenerUtility ListenerUtility.java74 - TestTestNg has started....................
20240221 17:26:10 INFO  [main] salesforceBase.SalesforceBaseTest SalesforceBaseTest.java43 - .........BeforeMethod setUpBeforeMethod executed---------------
20240221 17:26:14 INFO  [main] salesforceBase.SalesforceBaseTest SalesforceBaseTest.java89 - https://login.salesforce.com/is entered
20240221 17:26:14 INFO  [main] utilities.ListenerUtility ListenerUtility.java25 - AddAccounttoTab.......test execution started........
20240221 17:26:17 ERROR [main] utilities.ListenerUtility ListenerUtility.java39 - AddAccounttoTab.......test execution completed with failure........
20240221 17:26:17 INFO  [main] utilities.ListenerUtility ListenerUtility.java25 - CreateAccountReport.......test execution started........
20240221 17:26:17 INFO  [main] utilities.ListenerUtility ListenerUtility.java25 - CreateAnAccount.......test execution started........
20240221 17:26:17 INFO  [main] utilities.ListenerUtility ListenerUtility.java25 - CreateNewView.......test execution started........
20240221 17:26:17 INFO  [main] utilities.ListenerUtility ListenerUtility.java25 - EditView.......test execution started........
20240221 17:26:17 INFO  [main] utilities.ListenerUtility ListenerUtility.java25 - MergeAccounts.......test execution started........
20240221 17:26:17 INFO  [main] salesforceBase.SalesforceBaseTest SalesforceBaseTest.java43 - .........BeforeMethod setUpBeforeMethod executed---------------
20240221 17:26:20 INFO  [main] salesforceBase.SalesforceBaseTest SalesforceBaseTest.java89 - https://login.salesforce.com/is entered
20240221 17:26:20 INFO  [main] utilities.ListenerUtility ListenerUtility.java25 - CreateANewOpty.......test execution started........
20240221 17:26:21 ERROR [main] utilities.ListenerUtility ListenerUtility.java39 - CreateANewOpty.......test execution completed with failure........
20240221 17:26:22 INFO  [main] utilities.ListenerUtility ListenerUtility.java25 - TestOpportunityPipelineReport.......test execution started........
20240221 17:26:22 INFO  [main] utilities.ListenerUtility ListenerUtility.java25 - TestQuarterlySummaryReport.......test execution started........
20240221 17:26:22 INFO  [main] utilities.ListenerUtility ListenerUtility.java25 - TestStuckOpportunitiesReport.......test execution started........
20240221 17:26:22 INFO  [main] utilities.ListenerUtility ListenerUtility.java25 - opportunitiesDropDown.......test execution started........
20240221 17:26:22 INFO  [main] utilities.ListenerUtility ListenerUtility.java25 - opportunityclick.......test execution started........
20240221 17:26:22 INFO  [main] salesforceBase.SalesforceBaseTest SalesforceBaseTest.java43 - .........BeforeMethod setUpBeforeMethod executed---------------
20240221 17:26:24 INFO  [main] salesforceBase.SalesforceBaseTest SalesforceBaseTest.java89 - https://login.salesforce.com/is entered
20240221 17:26:24 INFO  [main] utilities.ListenerUtility ListenerUtility.java25 - CheckRecentlyCreatedContactInTheContactPage.......test execution started........
20240221 17:26:25 ERROR [main] utilities.ListenerUtility ListenerUtility.java39 - CheckRecentlyCreatedContactInTheContactPage.......test execution completed with failure........
20240221 17:26:25 INFO  [main] utilities.ListenerUtility ListenerUtility.java25 - CheckTheErrorMessage.......test execution started........
20240221 17:26:25 INFO  [main] utilities.ListenerUtility ListenerUtility.java25 - ChecktheCancelButtonWorksfineinCreateNewView.......test execution started........
20240221 17:26:25 INFO  [main] utilities.ListenerUtility ListenerUtility.java25 - ChecktheSaveandNewButtonWorksinNewContactPage.......test execution started........
20240221 17:26:25 INFO  [main] utilities.ListenerUtility ListenerUtility.java25 - CreateNewContact.......test execution started........
20240221 17:26:25 INFO  [main] utilities.ListenerUtility ListenerUtility.java25 - CreateNewViewintheContactPage.......test execution started........
20240221 17:26:25 INFO  [main] utilities.ListenerUtility ListenerUtility.java25 - ViewAContactInTheContactPage.......test execution started........
20240221 17:26:25 INFO  [main] salesforceBase.SalesforceBaseTest SalesforceBaseTest.java43 - .........BeforeMethod setUpBeforeMethod executed---------------
20240221 17:26:27 INFO  [main] salesforceBase.SalesforceBaseTest SalesforceBaseTest.java89 - https://login.salesforce.com/is entered
20240221 17:26:27 INFO  [main] utilities.ListenerUtility ListenerUtility.java25 - LeadsTC23.......test execution started........
20240221 17:26:29 ERROR [main] utilities.ListenerUtility ListenerUtility.java39 - LeadsTC23.......test execution completed with failure........
20240221 17:26:29 INFO  [main] utilities.ListenerUtility ListenerUtility.java25 - LeadsTC24.......test execution started........
20240221 17:26:29 INFO  [main] utilities.ListenerUtility ListenerUtility.java25 - TC20LeadsTab.......test execution started........
20240221 17:26:29 INFO  [main] utilities.ListenerUtility ListenerUtility.java25 - TC21LeadsSelectView.......test execution started........
20240221 17:26:29 INFO  [main] utilities.ListenerUtility ListenerUtility.java25 - TC22defaultView.......test execution started........
20240221 17:26:29 INFO  [main] salesforceBase.SalesforceBaseTest SalesforceBaseTest.java43 - .........BeforeMethod setUpBeforeMethod executed---------------
20240221 17:26:32 INFO  [main] salesforceBase.SalesforceBaseTest SalesforceBaseTest.java89 - https://login.salesforce.com/is entered
20240221 17:26:32 INFO  [main] utilities.ListenerUtility ListenerUtility.java25 - SelectDevelopersConsoleOption.......test execution started........
20240221 17:26:33 ERROR [main] utilities.ListenerUtility ListenerUtility.java39 - SelectDevelopersConsoleOption.......test execution completed with failure........
20240221 17:26:33 INFO  [main] utilities.ListenerUtility ListenerUtility.java25 - SelectLogoutOption.......test execution started........
20240221 17:26:33 INFO  [main] utilities.ListenerUtility ListenerUtility.java25 - SelectMyProfileOption.......test execution started........
20240221 17:26:33 INFO  [main] utilities.ListenerUtility ListenerUtility.java25 - SelectUserMenuForUsernamedropDown.......test execution started........
20240221 17:26:33 INFO  [main] salesforceBase.SalesforceBaseTest SalesforceBaseTest.java43 - .........BeforeMethod setUpBeforeMethod executed---------------
20240221 17:26:36 INFO  [main] salesforceBase.SalesforceBaseTest SalesforceBaseTest.java89 - https://login.salesforce.com/is entered
20240221 17:26:36 INFO  [main] utilities.ListenerUtility ListenerUtility.java25 - CheckRemeberMe3.......test execution started........
20240221 17:26:41 ERROR [main] utilities.ListenerUtility ListenerUtility.java39 - CheckRemeberMe3.......test execution completed with failure........
20240221 17:26:41 INFO  [main] utilities.ListenerUtility ListenerUtility.java25 - ForgotPassword4A.......test execution started........
20240221 17:26:42 INFO  [main] utilities.ListenerUtility ListenerUtility.java25 - ForgotPassword4B.......test execution started........
20240221 17:26:42 INFO  [main] utilities.ListenerUtility ListenerUtility.java25 - LoginErrorMessage1.......test execution started........
20240221 17:26:42 INFO  [main] utilities.ListenerUtility ListenerUtility.java25 - LoginToSalesForce2.......test execution started........
20240221 17:26:42 INFO  [main] utilities.ListenerUtility ListenerUtility.java82 - TestTestNg has ended....................
